[2025-08-14 02:18:39.054] [Xeno] [trace] Xeno is only maintained by Rizve. If you find any bugs, have any question, or just want to chat email me rizve@xeno.onl or DM me on Discord: .rizve
[2025-08-14 02:18:39.054] [Xeno] [info] Version: Xeno - v1.2.50
[2025-08-14 02:18:39.054] [Xeno] [info] Logs stored in C:\Users\ƒŒ¡–Œ∆≈À¿“≈À‹ÕŒ—“‹\Desktop\Xeno-v1.2.50U2\logs\2025-08-14_02-18-39.log
[2025-08-14 02:18:39.055] [Xeno] [debug] Client Checker thread: 0xf715f7d2b0
[2025-08-14 02:18:39.055] [Xeno] [debug] Xeno Caching thread: 0xf715f7d2a0
[2025-08-14 02:18:39.055] [Xeno] [debug] WebSockets Cleaner thread: 0xf715f7d290
[2025-08-14 02:18:39.055] [Cache] [info] File: C:\Xeno\XENO_CACHE.bin
[2025-08-14 02:18:39.055] [Xeno] [debug] Xeno Server thread: 0xf715f7d280
[2025-08-14 02:18:39.055] [Server] [info] Listening on http://localhost:3110
[2025-08-14 02:18:39.057] [Cache] [info] Reattaching to cached client PID: 19000
[2025-08-14 02:18:39.057] [Cache] [info] Loaded cache: 1 RBXClients, 0 RBXBytecode, 164 RBXMFlags, 1 RBXRenderViews
[2025-08-14 02:18:39.057] [Xeno] [info] Creating new RBXClient: 19000
[2025-08-14 02:18:39.057] [RBXClient] [info] [19000]: Initializing...
[2025-08-14 02:18:39.057] [RBXClient] [info] [19000]: Version: version-3f74e22590714de4
[2025-08-14 02:18:39.057] [Xeno] [debug] Created RBXClient instance @0x2a20340f6b0
[2025-08-14 02:18:39.057] [Xeno] [info] Successfully created RBXClient: 19000
[2025-08-14 02:18:39.058] [RBXClient] [debug] [19000]: Getting RenderView...
[2025-08-14 02:18:39.058] [RBXClient] [info] [19000]: RenderView retrieved from Cache: 0x1534737d000
[2025-08-14 02:18:39.058] [RBXClient] [debug] [19000]: DataModel: 0x153b8c23e38
[2025-08-14 02:18:39.058] [RBXClient] [debug] [19000]: LocalPlayer: 0x1536a639a80
[2025-08-14 02:18:39.058] [RBXClient] [debug] [19000]: LocalPlayer Name: 'Beneviolent52'
[2025-08-14 02:18:39.059] [RBXClient] [info] [19000]: Client was already attached; handling functions...
[2025-08-14 02:18:39.062] [DiscordRPC] [info] RPC is Enabled
[2025-08-14 02:18:39.264] [RBXClient] [trace] [19000]: Attach ping recieved, restored bytecode.
[2025-08-14 02:21:25.741] [Execution] [error] [19000]: Could not find a CoreModule
